0 info it worked if it ends with ok
1 verbose cli [ '/usr/local/bin/node', '/usr/local/bin/npm', 'install' ]
2 info using npm@2.14.7
3 info using node@v4.2.2
4 verbose readDependencies loading dependencies from /home/osboxes/ashish/nodetest1/package.json
5 verbose install where, deps [ '/home/osboxes/ashish/nodetest1',
5 verbose install   [ 'body-parser',
5 verbose install     'cookie-parser',
5 verbose install     'debug',
5 verbose install     'express',
5 verbose install     'jade',
5 verbose install     'morgan',
5 verbose install     'serve-favicon',
5 verbose install     'mongodb',
5 verbose install     'monk' ] ]
6 verbose install where, peers [ '/home/osboxes/ashish/nodetest1', [] ]
7 verbose installManyTop reading for lifecycle /home/osboxes/ashish/nodetest1/package.json
8 info preinstall application-name@0.0.1
9 verbose installManyTop reading scoped package data from /home/osboxes/ashish/nodetest1/node_modules/accepts/package.json
10 verbose installManyTop reading scoped package data from /home/osboxes/ashish/nodetest1/node_modules/acorn/package.json
11 verbose installManyTop reading scoped package data from /home/osboxes/ashish/nodetest1/node_modules/acorn-globals/package.json
12 verbose installManyTop reading scoped package data from /home/osboxes/ashish/nodetest1/node_modules/align-text/package.json
13 verbose installManyTop reading scoped package data from /home/osboxes/ashish/nodetest1/node_modules/amdefine/package.json
14 verbose installManyTop reading scoped package data from /home/osboxes/ashish/nodetest1/node_modules/array-flatten/package.json
15 verbose installManyTop reading scoped package data from /home/osboxes/ashish/nodetest1/node_modules/asap/package.json
16 verbose installManyTop reading scoped package data from /home/osboxes/ashish/nodetest1/node_modules/async/package.json
17 verbose installManyTop reading scoped package data from /home/osboxes/ashish/nodetest1/node_modules/basic-auth/package.json
18 verbose installManyTop reading scoped package data from /home/osboxes/ashish/nodetest1/node_modules/body-parser/package.json
19 verbose installManyTop reading scoped package data from /home/osboxes/ashish/nodetest1/node_modules/bson/package.json
20 verbose installManyTop reading scoped package data from /home/osboxes/ashish/nodetest1/node_modules/bytes/package.json
21 verbose installManyTop reading scoped package data from /home/osboxes/ashish/nodetest1/node_modules/camelcase/package.json
22 verbose installManyTop reading scoped package data from /home/osboxes/ashish/nodetest1/node_modules/center-align/package.json
23 verbose installManyTop reading scoped package data from /home/osboxes/ashish/nodetest1/node_modules/character-parser/package.json
24 verbose installManyTop reading scoped package data from /home/osboxes/ashish/nodetest1/node_modules/clean-css/package.json
25 verbose installManyTop reading scoped package data from /home/osboxes/ashish/nodetest1/node_modules/cliui/package.json
26 verbose installManyTop reading scoped package data from /home/osboxes/ashish/nodetest1/node_modules/commander/package.json
27 verbose installManyTop reading scoped package data from /home/osboxes/ashish/nodetest1/node_modules/constantinople/package.json
28 verbose installManyTop reading scoped package data from /home/osboxes/ashish/nodetest1/node_modules/content-disposition/package.json
29 verbose installManyTop reading scoped package data from /home/osboxes/ashish/nodetest1/node_modules/content-type/package.json
30 verbose installManyTop reading scoped package data from /home/osboxes/ashish/nodetest1/node_modules/cookie/package.json
31 verbose installManyTop reading scoped package data from /home/osboxes/ashish/nodetest1/node_modules/cookie-parser/package.json
32 verbose installManyTop reading scoped package data from /home/osboxes/ashish/nodetest1/node_modules/cookie-signature/package.json
33 verbose installManyTop reading scoped package data from /home/osboxes/ashish/nodetest1/node_modules/core-util-is/package.json
34 verbose installManyTop reading scoped package data from /home/osboxes/ashish/nodetest1/node_modules/css/package.json
35 verbose installManyTop reading scoped package data from /home/osboxes/ashish/nodetest1/node_modules/css-parse/package.json
36 verbose installManyTop reading scoped package data from /home/osboxes/ashish/nodetest1/node_modules/css-stringify/package.json
37 verbose installManyTop reading scoped package data from /home/osboxes/ashish/nodetest1/node_modules/debug/package.json
38 verbose installManyTop reading scoped package data from /home/osboxes/ashish/nodetest1/node_modules/decamelize/package.json
39 verbose installManyTop reading scoped package data from /home/osboxes/ashish/nodetest1/node_modules/depd/package.json
40 verbose installManyTop reading scoped package data from /home/osboxes/ashish/nodetest1/node_modules/destroy/package.json
41 verbose installManyTop reading scoped package data from /home/osboxes/ashish/nodetest1/node_modules/ee-first/package.json
42 verbose installManyTop reading scoped package data from /home/osboxes/ashish/nodetest1/node_modules/es6-promise/package.json
43 verbose installManyTop reading scoped package data from /home/osboxes/ashish/nodetest1/node_modules/escape-html/package.json
44 verbose installManyTop reading scoped package data from /home/osboxes/ashish/nodetest1/node_modules/etag/package.json
45 verbose installManyTop reading scoped package data from /home/osboxes/ashish/nodetest1/node_modules/express/package.json
46 verbose installManyTop reading scoped package data from /home/osboxes/ashish/nodetest1/node_modules/finalhandler/package.json
47 verbose installManyTop reading scoped package data from /home/osboxes/ashish/nodetest1/node_modules/forwarded/package.json
48 verbose installManyTop reading scoped package data from /home/osboxes/ashish/nodetest1/node_modules/fresh/package.json
49 verbose installManyTop reading scoped package data from /home/osboxes/ashish/nodetest1/node_modules/graceful-readlink/package.json
50 verbose installManyTop reading scoped package data from /home/osboxes/ashish/nodetest1/node_modules/http-errors/package.json
51 verbose installManyTop reading scoped package data from /home/osboxes/ashish/nodetest1/node_modules/iconv-lite/package.json
52 verbose installManyTop reading scoped package data from /home/osboxes/ashish/nodetest1/node_modules/inherits/package.json
53 verbose installManyTop reading scoped package data from /home/osboxes/ashish/nodetest1/node_modules/ipaddr.js/package.json
54 verbose installManyTop reading scoped package data from /home/osboxes/ashish/nodetest1/node_modules/is-buffer/package.json
55 verbose installManyTop reading scoped package data from /home/osboxes/ashish/nodetest1/node_modules/is-promise/package.json
56 verbose installManyTop reading scoped package data from /home/osboxes/ashish/nodetest1/node_modules/isarray/package.json
57 verbose installManyTop reading scoped package data from /home/osboxes/ashish/nodetest1/node_modules/jade/package.json
58 verbose installManyTop reading scoped package data from /home/osboxes/ashish/nodetest1/node_modules/jstransformer/package.json
59 verbose installManyTop reading scoped package data from /home/osboxes/ashish/nodetest1/node_modules/kind-of/package.json
60 verbose installManyTop reading scoped package data from /home/osboxes/ashish/nodetest1/node_modules/lazy-cache/package.json
61 verbose installManyTop reading scoped package data from /home/osboxes/ashish/nodetest1/node_modules/longest/package.json
62 verbose installManyTop reading scoped package data from /home/osboxes/ashish/nodetest1/node_modules/media-typer/package.json
63 verbose installManyTop reading scoped package data from /home/osboxes/ashish/nodetest1/node_modules/merge-descriptors/package.json
64 verbose installManyTop reading scoped package data from /home/osboxes/ashish/nodetest1/node_modules/methods/package.json
65 verbose installManyTop reading scoped package data from /home/osboxes/ashish/nodetest1/node_modules/mime/package.json
66 verbose installManyTop reading scoped package data from /home/osboxes/ashish/nodetest1/node_modules/mime-db/package.json
67 verbose installManyTop reading scoped package data from /home/osboxes/ashish/nodetest1/node_modules/mime-types/package.json
68 verbose installManyTop reading scoped package data from /home/osboxes/ashish/nodetest1/node_modules/minimist/package.json
69 verbose installManyTop reading scoped package data from /home/osboxes/ashish/nodetest1/node_modules/mkdirp/package.json
70 verbose installManyTop reading scoped package data from /home/osboxes/ashish/nodetest1/node_modules/mongodb/package.json
71 verbose installManyTop reading scoped package data from /home/osboxes/ashish/nodetest1/node_modules/mongodb-core/package.json
72 verbose installManyTop reading scoped package data from /home/osboxes/ashish/nodetest1/node_modules/mongoose/package.json
73 verbose installManyTop reading scoped package data from /home/osboxes/ashish/nodetest1/node_modules/mongoskin/package.json
74 verbose installManyTop reading scoped package data from /home/osboxes/ashish/nodetest1/node_modules/monk/package.json
75 verbose installManyTop reading scoped package data from /home/osboxes/ashish/nodetest1/node_modules/morgan/package.json
76 verbose installManyTop reading scoped package data from /home/osboxes/ashish/nodetest1/node_modules/mpromise/package.json
77 verbose installManyTop reading scoped package data from /home/osboxes/ashish/nodetest1/node_modules/ms/package.json
78 verbose installManyTop reading scoped package data from /home/osboxes/ashish/nodetest1/node_modules/negotiator/package.json
79 verbose installManyTop reading scoped package data from /home/osboxes/ashish/nodetest1/node_modules/on-finished/package.json
80 verbose installManyTop reading scoped package data from /home/osboxes/ashish/nodetest1/node_modules/on-headers/package.json
81 verbose installManyTop reading scoped package data from /home/osboxes/ashish/nodetest1/node_modules/optimist/package.json
82 verbose installManyTop reading scoped package data from /home/osboxes/ashish/nodetest1/node_modules/parseurl/package.json
83 verbose installManyTop reading scoped package data from /home/osboxes/ashish/nodetest1/node_modules/path-to-regexp/package.json
84 verbose installManyTop reading scoped package data from /home/osboxes/ashish/nodetest1/node_modules/promise/package.json
85 verbose installManyTop reading scoped package data from /home/osboxes/ashish/nodetest1/node_modules/proxy-addr/package.json
86 verbose installManyTop reading scoped package data from /home/osboxes/ashish/nodetest1/node_modules/qs/package.json
87 verbose installManyTop reading scoped package data from /home/osboxes/ashish/nodetest1/node_modules/range-parser/package.json
88 verbose installManyTop reading scoped package data from /home/osboxes/ashish/nodetest1/node_modules/raw-body/package.json
89 verbose installManyTop reading scoped package data from /home/osboxes/ashish/nodetest1/node_modules/readable-stream/package.json
90 verbose installManyTop reading scoped package data from /home/osboxes/ashish/nodetest1/node_modules/repeat-string/package.json
91 verbose installManyTop reading scoped package data from /home/osboxes/ashish/nodetest1/node_modules/right-align/package.json
92 verbose installManyTop reading scoped package data from /home/osboxes/ashish/nodetest1/node_modules/send/package.json
93 verbose installManyTop reading scoped package data from /home/osboxes/ashish/nodetest1/node_modules/serve-favicon/package.json
94 verbose installManyTop reading scoped package data from /home/osboxes/ashish/nodetest1/node_modules/serve-static/package.json
95 verbose installManyTop reading scoped package data from /home/osboxes/ashish/nodetest1/node_modules/source-map/package.json
96 verbose installManyTop reading scoped package data from /home/osboxes/ashish/nodetest1/node_modules/static-favicon/package.json
97 verbose installManyTop reading scoped package data from /home/osboxes/ashish/nodetest1/node_modules/statuses/package.json
98 verbose installManyTop reading scoped package data from /home/osboxes/ashish/nodetest1/node_modules/string_decoder/package.json
99 verbose installManyTop reading scoped package data from /home/osboxes/ashish/nodetest1/node_modules/transformers/package.json
100 verbose installManyTop reading scoped package data from /home/osboxes/ashish/nodetest1/node_modules/type-is/package.json
101 verbose installManyTop reading scoped package data from /home/osboxes/ashish/nodetest1/node_modules/uglify-js/package.json
102 verbose installManyTop reading scoped package data from /home/osboxes/ashish/nodetest1/node_modules/uglify-to-browserify/package.json
103 verbose installManyTop reading scoped package data from /home/osboxes/ashish/nodetest1/node_modules/unpipe/package.json
104 verbose installManyTop reading scoped package data from /home/osboxes/ashish/nodetest1/node_modules/utils-merge/package.json
105 verbose installManyTop reading scoped package data from /home/osboxes/ashish/nodetest1/node_modules/vary/package.json
106 verbose installManyTop reading scoped package data from /home/osboxes/ashish/nodetest1/node_modules/void-elements/package.json
107 verbose installManyTop reading scoped package data from /home/osboxes/ashish/nodetest1/node_modules/window-size/package.json
108 verbose installManyTop reading scoped package data from /home/osboxes/ashish/nodetest1/node_modules/with/package.json
109 verbose installManyTop reading scoped package data from /home/osboxes/ashish/nodetest1/node_modules/wordwrap/package.json
110 verbose installManyTop reading scoped package data from /home/osboxes/ashish/nodetest1/node_modules/yargs/package.json
111 info package.json asap@1.0.0 No repository field.
112 info package.json asap@1.0.0 No license field.
113 info package.json async@0.2.10 No license field.
114 info package.json css@1.0.8 No repository field.
115 info package.json css@1.0.8 No license field.
116 info package.json css-parse@1.0.4 No repository field.
117 info package.json css-parse@1.0.4 No license field.
118 info package.json css-stringify@1.0.5 No repository field.
119 info package.json css-stringify@1.0.5 No license field.
120 info package.json longest@1.0.1 license should be a valid SPDX license expression
121 info package.json mime@1.3.4 No license field.
122 info package.json monk@1.0.1 No license field.
123 info package.json ms@0.7.1 No license field.
124 info package.json optimist@0.3.7 license should be a valid SPDX license expression
125 info package.json repeat-string@1.5.2 license should be a valid SPDX license expression
126 info package.json static-favicon@1.0.2 No license field.
127 info package.json string_decoder@0.10.31 string_decoder is also the name of a node core module.
128 info package.json utils-merge@1.0.0 No license field.
129 info package.json window-size@0.1.0 No license field.
130 verbose readDependencies loading dependencies from /home/osboxes/ashish/nodetest1/package.json
131 verbose targetResolver reading package data from /home/osboxes/ashish/nodetest1/node_modules/accepts/package.json
132 verbose targetResolver reading package data from /home/osboxes/ashish/nodetest1/node_modules/acorn/package.json
133 verbose targetResolver reading package data from /home/osboxes/ashish/nodetest1/node_modules/acorn-globals/package.json
134 verbose targetResolver reading package data from /home/osboxes/ashish/nodetest1/node_modules/align-text/package.json
135 verbose targetResolver reading package data from /home/osboxes/ashish/nodetest1/node_modules/amdefine/package.json
136 verbose targetResolver reading package data from /home/osboxes/ashish/nodetest1/node_modules/array-flatten/package.json
137 verbose targetResolver reading package data from /home/osboxes/ashish/nodetest1/node_modules/asap/package.json
138 verbose targetResolver reading package data from /home/osboxes/ashish/nodetest1/node_modules/async/package.json
139 verbose targetResolver reading package data from /home/osboxes/ashish/nodetest1/node_modules/basic-auth/package.json
140 verbose targetResolver reading package data from /home/osboxes/ashish/nodetest1/node_modules/body-parser/package.json
141 verbose targetResolver reading package data from /home/osboxes/ashish/nodetest1/node_modules/bson/package.json
142 verbose targetResolver reading package data from /home/osboxes/ashish/nodetest1/node_modules/bytes/package.json
143 verbose targetResolver reading package data from /home/osboxes/ashish/nodetest1/node_modules/camelcase/package.json
144 verbose targetResolver reading package data from /home/osboxes/ashish/nodetest1/node_modules/center-align/package.json
145 verbose targetResolver reading package data from /home/osboxes/ashish/nodetest1/node_modules/character-parser/package.json
146 verbose targetResolver reading package data from /home/osboxes/ashish/nodetest1/node_modules/clean-css/package.json
147 verbose targetResolver reading package data from /home/osboxes/ashish/nodetest1/node_modules/cliui/package.json
148 verbose targetResolver reading package data from /home/osboxes/ashish/nodetest1/node_modules/commander/package.json
149 verbose targetResolver reading package data from /home/osboxes/ashish/nodetest1/node_modules/constantinople/package.json
150 verbose targetResolver reading package data from /home/osboxes/ashish/nodetest1/node_modules/content-disposition/package.json
151 verbose targetResolver reading package data from /home/osboxes/ashish/nodetest1/node_modules/content-type/package.json
152 verbose targetResolver reading package data from /home/osboxes/ashish/nodetest1/node_modules/cookie/package.json
153 verbose targetResolver reading package data from /home/osboxes/ashish/nodetest1/node_modules/cookie-parser/package.json
154 verbose targetResolver reading package data from /home/osboxes/ashish/nodetest1/node_modules/cookie-signature/package.json
155 verbose targetResolver reading package data from /home/osboxes/ashish/nodetest1/node_modules/core-util-is/package.json
156 verbose targetResolver reading package data from /home/osboxes/ashish/nodetest1/node_modules/css/package.json
157 verbose targetResolver reading package data from /home/osboxes/ashish/nodetest1/node_modules/css-parse/package.json
158 verbose targetResolver reading package data from /home/osboxes/ashish/nodetest1/node_modules/css-stringify/package.json
159 verbose targetResolver reading package data from /home/osboxes/ashish/nodetest1/node_modules/debug/package.json
160 verbose targetResolver reading package data from /home/osboxes/ashish/nodetest1/node_modules/decamelize/package.json
161 verbose targetResolver reading package data from /home/osboxes/ashish/nodetest1/node_modules/depd/package.json
162 verbose targetResolver reading package data from /home/osboxes/ashish/nodetest1/node_modules/destroy/package.json
163 verbose targetResolver reading package data from /home/osboxes/ashish/nodetest1/node_modules/ee-first/package.json
164 verbose targetResolver reading package data from /home/osboxes/ashish/nodetest1/node_modules/es6-promise/package.json
165 verbose targetResolver reading package data from /home/osboxes/ashish/nodetest1/node_modules/escape-html/package.json
166 verbose targetResolver reading package data from /home/osboxes/ashish/nodetest1/node_modules/etag/package.json
167 verbose targetResolver reading package data from /home/osboxes/ashish/nodetest1/node_modules/express/package.json
168 verbose targetResolver reading package data from /home/osboxes/ashish/nodetest1/node_modules/finalhandler/package.json
169 verbose targetResolver reading package data from /home/osboxes/ashish/nodetest1/node_modules/forwarded/package.json
170 verbose targetResolver reading package data from /home/osboxes/ashish/nodetest1/node_modules/fresh/package.json
171 verbose targetResolver reading package data from /home/osboxes/ashish/nodetest1/node_modules/graceful-readlink/package.json
172 verbose targetResolver reading package data from /home/osboxes/ashish/nodetest1/node_modules/http-errors/package.json
173 verbose targetResolver reading package data from /home/osboxes/ashish/nodetest1/node_modules/iconv-lite/package.json
174 verbose targetResolver reading package data from /home/osboxes/ashish/nodetest1/node_modules/inherits/package.json
175 verbose targetResolver reading package data from /home/osboxes/ashish/nodetest1/node_modules/ipaddr.js/package.json
176 verbose targetResolver reading package data from /home/osboxes/ashish/nodetest1/node_modules/is-buffer/package.json
177 verbose targetResolver reading package data from /home/osboxes/ashish/nodetest1/node_modules/is-promise/package.json
178 verbose targetResolver reading package data from /home/osboxes/ashish/nodetest1/node_modules/isarray/package.json
179 verbose targetResolver reading package data from /home/osboxes/ashish/nodetest1/node_modules/jade/package.json
180 verbose targetResolver reading package data from /home/osboxes/ashish/nodetest1/node_modules/jstransformer/package.json
181 verbose targetResolver reading package data from /home/osboxes/ashish/nodetest1/node_modules/kind-of/package.json
182 verbose targetResolver reading package data from /home/osboxes/ashish/nodetest1/node_modules/lazy-cache/package.json
183 verbose targetResolver reading package data from /home/osboxes/ashish/nodetest1/node_modules/longest/package.json
184 verbose targetResolver reading package data from /home/osboxes/ashish/nodetest1/node_modules/media-typer/package.json
185 verbose targetResolver reading package data from /home/osboxes/ashish/nodetest1/node_modules/merge-descriptors/package.json
186 verbose targetResolver reading package data from /home/osboxes/ashish/nodetest1/node_modules/methods/package.json
187 verbose targetResolver reading package data from /home/osboxes/ashish/nodetest1/node_modules/mime/package.json
188 verbose targetResolver reading package data from /home/osboxes/ashish/nodetest1/node_modules/mime-db/package.json
189 verbose targetResolver reading package data from /home/osboxes/ashish/nodetest1/node_modules/mime-types/package.json
190 verbose targetResolver reading package data from /home/osboxes/ashish/nodetest1/node_modules/minimist/package.json
191 verbose targetResolver reading package data from /home/osboxes/ashish/nodetest1/node_modules/mkdirp/package.json
192 verbose targetResolver reading package data from /home/osboxes/ashish/nodetest1/node_modules/mongodb/package.json
193 verbose targetResolver reading package data from /home/osboxes/ashish/nodetest1/node_modules/mongodb-core/package.json
194 verbose targetResolver reading package data from /home/osboxes/ashish/nodetest1/node_modules/mongoose/package.json
195 verbose targetResolver reading package data from /home/osboxes/ashish/nodetest1/node_modules/mongoskin/package.json
196 verbose targetResolver reading package data from /home/osboxes/ashish/nodetest1/node_modules/monk/package.json
197 verbose targetResolver reading package data from /home/osboxes/ashish/nodetest1/node_modules/morgan/package.json
198 verbose targetResolver reading package data from /home/osboxes/ashish/nodetest1/node_modules/mpromise/package.json
199 verbose targetResolver reading package data from /home/osboxes/ashish/nodetest1/node_modules/ms/package.json
200 verbose targetResolver reading package data from /home/osboxes/ashish/nodetest1/node_modules/negotiator/package.json
201 verbose targetResolver reading package data from /home/osboxes/ashish/nodetest1/node_modules/on-finished/package.json
202 verbose targetResolver reading package data from /home/osboxes/ashish/nodetest1/node_modules/on-headers/package.json
203 verbose targetResolver reading package data from /home/osboxes/ashish/nodetest1/node_modules/optimist/package.json
204 verbose targetResolver reading package data from /home/osboxes/ashish/nodetest1/node_modules/parseurl/package.json
205 verbose targetResolver reading package data from /home/osboxes/ashish/nodetest1/node_modules/path-to-regexp/package.json
206 verbose targetResolver reading package data from /home/osboxes/ashish/nodetest1/node_modules/promise/package.json
207 verbose targetResolver reading package data from /home/osboxes/ashish/nodetest1/node_modules/proxy-addr/package.json
208 verbose targetResolver reading package data from /home/osboxes/ashish/nodetest1/node_modules/qs/package.json
209 verbose targetResolver reading package data from /home/osboxes/ashish/nodetest1/node_modules/range-parser/package.json
210 verbose targetResolver reading package data from /home/osboxes/ashish/nodetest1/node_modules/raw-body/package.json
211 verbose targetResolver reading package data from /home/osboxes/ashish/nodetest1/node_modules/readable-stream/package.json
212 verbose targetResolver reading package data from /home/osboxes/ashish/nodetest1/node_modules/repeat-string/package.json
213 verbose targetResolver reading package data from /home/osboxes/ashish/nodetest1/node_modules/right-align/package.json
214 verbose targetResolver reading package data from /home/osboxes/ashish/nodetest1/node_modules/send/package.json
215 verbose targetResolver reading package data from /home/osboxes/ashish/nodetest1/node_modules/serve-favicon/package.json
216 verbose targetResolver reading package data from /home/osboxes/ashish/nodetest1/node_modules/serve-static/package.json
217 verbose targetResolver reading package data from /home/osboxes/ashish/nodetest1/node_modules/source-map/package.json
218 verbose targetResolver reading package data from /home/osboxes/ashish/nodetest1/node_modules/static-favicon/package.json
219 verbose targetResolver reading package data from /home/osboxes/ashish/nodetest1/node_modules/statuses/package.json
220 verbose targetResolver reading package data from /home/osboxes/ashish/nodetest1/node_modules/string_decoder/package.json
221 verbose targetResolver reading package data from /home/osboxes/ashish/nodetest1/node_modules/transformers/package.json
222 verbose targetResolver reading package data from /home/osboxes/ashish/nodetest1/node_modules/type-is/package.json
223 verbose targetResolver reading package data from /home/osboxes/ashish/nodetest1/node_modules/uglify-js/package.json
224 verbose targetResolver reading package data from /home/osboxes/ashish/nodetest1/node_modules/uglify-to-browserify/package.json
225 verbose targetResolver reading package data from /home/osboxes/ashish/nodetest1/node_modules/unpipe/package.json
226 verbose targetResolver reading package data from /home/osboxes/ashish/nodetest1/node_modules/utils-merge/package.json
227 verbose targetResolver reading package data from /home/osboxes/ashish/nodetest1/node_modules/vary/package.json
228 verbose targetResolver reading package data from /home/osboxes/ashish/nodetest1/node_modules/void-elements/package.json
229 verbose targetResolver reading package data from /home/osboxes/ashish/nodetest1/node_modules/window-size/package.json
230 verbose targetResolver reading package data from /home/osboxes/ashish/nodetest1/node_modules/with/package.json
231 verbose targetResolver reading package data from /home/osboxes/ashish/nodetest1/node_modules/wordwrap/package.json
232 verbose targetResolver reading package data from /home/osboxes/ashish/nodetest1/node_modules/yargs/package.json
233 verbose targetResolver reading package data from /home/osboxes/ashish/nodetest1/node_modules/.bin/acorn/package.json
234 verbose targetResolver reading package data from /home/osboxes/ashish/nodetest1/node_modules/.bin/cleancss/package.json
235 verbose targetResolver reading package data from /home/osboxes/ashish/nodetest1/node_modules/.bin/jade/package.json
236 verbose targetResolver reading package data from /home/osboxes/ashish/nodetest1/node_modules/.bin/mime/package.json
237 verbose targetResolver reading package data from /home/osboxes/ashish/nodetest1/node_modules/.bin/mkdirp/package.json
238 verbose targetResolver reading package data from /home/osboxes/ashish/nodetest1/node_modules/.bin/uglifyjs/package.json
239 verbose already installed skipping body-parser@~1.13.2 /home/osboxes/ashish/nodetest1
240 verbose already installed skipping cookie-parser@~1.3.5 /home/osboxes/ashish/nodetest1
241 verbose already installed skipping debug@~2.2.0 /home/osboxes/ashish/nodetest1
242 verbose already installed skipping express@~4.13.1 /home/osboxes/ashish/nodetest1
243 verbose already installed skipping jade@~1.11.0 /home/osboxes/ashish/nodetest1
244 verbose already installed skipping morgan@~1.6.1 /home/osboxes/ashish/nodetest1
245 verbose already installed skipping serve-favicon@~2.3.0 /home/osboxes/ashish/nodetest1
246 verbose already installed skipping mongodb@* /home/osboxes/ashish/nodetest1
247 verbose already installed skipping monk@~1.0.1 /home/osboxes/ashish/nodetest1
248 silly install resolved []
249 info build /home/osboxes/ashish/nodetest1
250 info linkStuff application-name@0.0.1
251 silly linkStuff application-name@0.0.1 has /home/osboxes/ashish as its parent node_modules
252 verbose linkBins application-name@0.0.1
253 verbose linkMans application-name@0.0.1
254 verbose rebuildBundles application-name@0.0.1
255 verbose rebuildBundles [ '.bin',
255 verbose rebuildBundles   'accepts',
255 verbose rebuildBundles   'acorn',
255 verbose rebuildBundles   'acorn-globals',
255 verbose rebuildBundles   'align-text',
255 verbose rebuildBundles   'amdefine',
255 verbose rebuildBundles   'array-flatten',
255 verbose rebuildBundles   'asap',
255 verbose rebuildBundles   'async',
255 verbose rebuildBundles   'basic-auth',
255 verbose rebuildBundles   'body-parser',
255 verbose rebuildBundles   'bson',
255 verbose rebuildBundles   'bytes',
255 verbose rebuildBundles   'camelcase',
255 verbose rebuildBundles   'center-align',
255 verbose rebuildBundles   'character-parser',
255 verbose rebuildBundles   'clean-css',
255 verbose rebuildBundles   'cliui',
255 verbose rebuildBundles   'commander',
255 verbose rebuildBundles   'constantinople',
255 verbose rebuildBundles   'content-disposition',
255 verbose rebuildBundles   'content-type',
255 verbose rebuildBundles   'cookie',
255 verbose rebuildBundles   'cookie-parser',
255 verbose rebuildBundles   'cookie-signature',
255 verbose rebuildBundles   'core-util-is',
255 verbose rebuildBundles   'css',
255 verbose rebuildBundles   'css-parse',
255 verbose rebuildBundles   'css-stringify',
255 verbose rebuildBundles   'debug',
255 verbose rebuildBundles   'decamelize',
255 verbose rebuildBundles   'depd',
255 verbose rebuildBundles   'destroy',
255 verbose rebuildBundles   'ee-first',
255 verbose rebuildBundles   'es6-promise',
255 verbose rebuildBundles   'escape-html',
255 verbose rebuildBundles   'etag',
255 verbose rebuildBundles   'express',
255 verbose rebuildBundles   'finalhandler',
255 verbose rebuildBundles   'forwarded',
255 verbose rebuildBundles   'fresh',
255 verbose rebuildBundles   'graceful-readlink',
255 verbose rebuildBundles   'http-errors',
255 verbose rebuildBundles   'iconv-lite',
255 verbose rebuildBundles   'inherits',
255 verbose rebuildBundles   'ipaddr.js',
255 verbose rebuildBundles   'is-buffer',
255 verbose rebuildBundles   'is-promise',
255 verbose rebuildBundles   'isarray',
255 verbose rebuildBundles   'jade',
255 verbose rebuildBundles   'jstransformer',
255 verbose rebuildBundles   'kind-of',
255 verbose rebuildBundles   'lazy-cache',
255 verbose rebuildBundles   'longest',
255 verbose rebuildBundles   'media-typer',
255 verbose rebuildBundles   'merge-descriptors',
255 verbose rebuildBundles   'methods',
255 verbose rebuildBundles   'mime',
255 verbose rebuildBundles   'mime-db',
255 verbose rebuildBundles   'mime-types',
255 verbose rebuildBundles   'minimist',
255 verbose rebuildBundles   'mkdirp',
255 verbose rebuildBundles   'mongodb',
255 verbose rebuildBundles   'mongodb-core',
255 verbose rebuildBundles   'mongoose',
255 verbose rebuildBundles   'mongoskin',
255 verbose rebuildBundles   'monk',
255 verbose rebuildBundles   'morgan',
255 verbose rebuildBundles   'mpromise',
255 verbose rebuildBundles   'ms',
255 verbose rebuildBundles   'negotiator',
255 verbose rebuildBundles   'on-finished',
255 verbose rebuildBundles   'on-headers',
255 verbose rebuildBundles   'optimist',
255 verbose rebuildBundles   'parseurl',
255 verbose rebuildBundles   'path-to-regexp',
255 verbose rebuildBundles   'promise',
255 verbose rebuildBundles   'proxy-addr',
255 verbose rebuildBundles   'qs',
255 verbose rebuildBundles   'range-parser',
255 verbose rebuildBundles   'raw-body',
255 verbose rebuildBundles   'readable-stream',
255 verbose rebuildBundles   'repeat-string',
255 verbose rebuildBundles   'right-align',
255 verbose rebuildBundles   'send',
255 verbose rebuildBundles   'serve-favicon',
255 verbose rebuildBundles   'serve-static',
255 verbose rebuildBundles   'source-map',
255 verbose rebuildBundles   'static-favicon',
255 verbose rebuildBundles   'statuses',
255 verbose rebuildBundles   'string_decoder',
255 verbose rebuildBundles   'transformers',
255 verbose rebuildBundles   'type-is',
255 verbose rebuildBundles   'uglify-js',
255 verbose rebuildBundles   'uglify-to-browserify',
255 verbose rebuildBundles   'unpipe',
255 verbose rebuildBundles   'utils-merge',
255 verbose rebuildBundles   'vary',
255 verbose rebuildBundles   'void-elements',
255 verbose rebuildBundles   'window-size',
255 verbose rebuildBundles   'with',
255 verbose rebuildBundles   'wordwrap',
255 verbose rebuildBundles   'yargs' ]
256 verbose rebuild bundle /home/osboxes/ashish/nodetest1/node_modules/accepts
257 info build /home/osboxes/ashish/nodetest1/node_modules/accepts
258 info preinstall accepts@1.2.13
259 info linkStuff accepts@1.2.13
260 silly linkStuff accepts@1.2.13 has /home/osboxes/ashish/nodetest1/node_modules as its parent node_modules
261 verbose linkBins accepts@1.2.13
262 verbose linkMans accepts@1.2.13
263 verbose rebuildBundles accepts@1.2.13
264 info install accepts@1.2.13
265 info postinstall accepts@1.2.13
266 verbose rebuild bundle /home/osboxes/ashish/nodetest1/node_modules/acorn
267 info build /home/osboxes/ashish/nodetest1/node_modules/acorn
268 info preinstall acorn@2.6.4
269 info linkStuff acorn@2.6.4
270 silly linkStuff acorn@2.6.4 has /home/osboxes/ashish/nodetest1/node_modules as its parent node_modules
271 verbose linkBins acorn@2.6.4
272 verbose link bins [ { acorn: './bin/acorn' },
272 verbose link bins   '/home/osboxes/ashish/nodetest1/node_modules/.bin',
272 verbose link bins   false ]
273 verbose linkMans acorn@2.6.4
274 verbose rebuildBundles acorn@2.6.4
275 silly gentlyRm /home/osboxes/ashish/nodetest1/node_modules/.bin/acorn is being purged
276 verbose gentlyRm don't care about contents; nuking /home/osboxes/ashish/nodetest1/node_modules/.bin/acorn
277 silly vacuum-fs purging /home/osboxes/ashish/nodetest1/node_modules/.bin/acorn
278 silly vacuum-fs quitting because other entries in /home/osboxes/ashish/nodetest1/node_modules/.bin
279 info install acorn@2.6.4
280 info postinstall acorn@2.6.4
281 verbose rebuild bundle /home/osboxes/ashish/nodetest1/node_modules/acorn-globals
282 info build /home/osboxes/ashish/nodetest1/node_modules/acorn-globals
283 info preinstall acorn-globals@1.0.9
284 info linkStuff acorn-globals@1.0.9
285 silly linkStuff acorn-globals@1.0.9 has /home/osboxes/ashish/nodetest1/node_modules as its parent node_modules
286 verbose linkBins acorn-globals@1.0.9
287 verbose linkMans acorn-globals@1.0.9
288 verbose rebuildBundles acorn-globals@1.0.9
289 info install acorn-globals@1.0.9
290 info postinstall acorn-globals@1.0.9
291 verbose rebuild bundle /home/osboxes/ashish/nodetest1/node_modules/align-text
292 info build /home/osboxes/ashish/nodetest1/node_modules/align-text
293 info preinstall align-text@0.1.3
294 info linkStuff align-text@0.1.3
295 silly linkStuff align-text@0.1.3 has /home/osboxes/ashish/nodetest1/node_modules as its parent node_modules
296 verbose linkBins align-text@0.1.3
297 verbose linkMans align-text@0.1.3
298 verbose rebuildBundles align-text@0.1.3
299 info install align-text@0.1.3
300 info postinstall align-text@0.1.3
301 verbose rebuild bundle /home/osboxes/ashish/nodetest1/node_modules/amdefine
302 info build /home/osboxes/ashish/nodetest1/node_modules/amdefine
303 info preinstall amdefine@1.0.0
304 info linkStuff amdefine@1.0.0
305 silly linkStuff amdefine@1.0.0 has /home/osboxes/ashish/nodetest1/node_modules as its parent node_modules
306 verbose linkBins amdefine@1.0.0
307 verbose linkMans amdefine@1.0.0
308 verbose rebuildBundles amdefine@1.0.0
309 info install amdefine@1.0.0
310 info postinstall amdefine@1.0.0
311 verbose rebuild bundle /home/osboxes/ashish/nodetest1/node_modules/array-flatten
312 info build /home/osboxes/ashish/nodetest1/node_modules/array-flatten
313 info preinstall array-flatten@1.1.1
314 info linkStuff array-flatten@1.1.1
315 silly linkStuff array-flatten@1.1.1 has /home/osboxes/ashish/nodetest1/node_modules as its parent node_modules
316 verbose linkBins array-flatten@1.1.1
317 verbose linkMans array-flatten@1.1.1
318 verbose rebuildBundles array-flatten@1.1.1
319 info install array-flatten@1.1.1
320 info postinstall array-flatten@1.1.1
321 verbose rebuild bundle /home/osboxes/ashish/nodetest1/node_modules/asap
322 info build /home/osboxes/ashish/nodetest1/node_modules/asap
323 info preinstall asap@1.0.0
324 info linkStuff asap@1.0.0
325 silly linkStuff asap@1.0.0 has /home/osboxes/ashish/nodetest1/node_modules as its parent node_modules
326 verbose linkBins asap@1.0.0
327 verbose linkMans asap@1.0.0
328 verbose rebuildBundles asap@1.0.0
329 info install asap@1.0.0
330 info postinstall asap@1.0.0
331 verbose rebuild bundle /home/osboxes/ashish/nodetest1/node_modules/async
332 info build /home/osboxes/ashish/nodetest1/node_modules/async
333 info preinstall async@0.2.10
334 info linkStuff async@0.2.10
335 silly linkStuff async@0.2.10 has /home/osboxes/ashish/nodetest1/node_modules as its parent node_modules
336 verbose linkBins async@0.2.10
337 verbose linkMans async@0.2.10
338 verbose rebuildBundles async@0.2.10
339 info install async@0.2.10
340 info postinstall async@0.2.10
341 verbose rebuild bundle /home/osboxes/ashish/nodetest1/node_modules/basic-auth
342 info build /home/osboxes/ashish/nodetest1/node_modules/basic-auth
343 info preinstall basic-auth@1.0.3
344 info linkStuff basic-auth@1.0.3
345 silly linkStuff basic-auth@1.0.3 has /home/osboxes/ashish/nodetest1/node_modules as its parent node_modules
346 verbose linkBins basic-auth@1.0.3
347 verbose linkMans basic-auth@1.0.3
348 verbose rebuildBundles basic-auth@1.0.3
349 info install basic-auth@1.0.3
350 info postinstall basic-auth@1.0.3
351 verbose rebuild bundle /home/osboxes/ashish/nodetest1/node_modules/bson
352 info build /home/osboxes/ashish/nodetest1/node_modules/bson
353 info preinstall bson@0.4.19
354 info linkStuff bson@0.4.19
355 silly linkStuff bson@0.4.19 has /home/osboxes/ashish/nodetest1/node_modules as its parent node_modules
356 verbose linkBins bson@0.4.19
357 verbose linkMans bson@0.4.19
358 verbose rebuildBundles bson@0.4.19
359 info install bson@0.4.19
360 info postinstall bson@0.4.19
361 verbose rebuild bundle /home/osboxes/ashish/nodetest1/node_modules/bytes
362 info build /home/osboxes/ashish/nodetest1/node_modules/bytes
363 info preinstall bytes@2.1.0
364 info linkStuff bytes@2.1.0
365 silly linkStuff bytes@2.1.0 has /home/osboxes/ashish/nodetest1/node_modules as its parent node_modules
366 verbose linkBins bytes@2.1.0
367 verbose linkMans bytes@2.1.0
368 verbose rebuildBundles bytes@2.1.0
369 info install bytes@2.1.0
370 info postinstall bytes@2.1.0
371 verbose rebuild bundle /home/osboxes/ashish/nodetest1/node_modules/camelcase
372 info build /home/osboxes/ashish/nodetest1/node_modules/camelcase
373 info preinstall camelcase@1.2.1
374 info linkStuff camelcase@1.2.1
375 silly linkStuff camelcase@1.2.1 has /home/osboxes/ashish/nodetest1/node_modules as its parent node_modules
376 verbose linkBins camelcase@1.2.1
377 verbose linkMans camelcase@1.2.1
378 verbose rebuildBundles camelcase@1.2.1
379 info install camelcase@1.2.1
380 info postinstall camelcase@1.2.1
381 verbose rebuild bundle /home/osboxes/ashish/nodetest1/node_modules/center-align
382 info build /home/osboxes/ashish/nodetest1/node_modules/center-align
383 info preinstall center-align@0.1.2
384 info linkStuff center-align@0.1.2
385 silly linkStuff center-align@0.1.2 has /home/osboxes/ashish/nodetest1/node_modules as its parent node_modules
386 verbose linkBins center-align@0.1.2
387 verbose linkMans center-align@0.1.2
388 verbose rebuildBundles center-align@0.1.2
389 info install center-align@0.1.2
390 info postinstall center-align@0.1.2
391 verbose rebuild bundle /home/osboxes/ashish/nodetest1/node_modules/character-parser
392 info build /home/osboxes/ashish/nodetest1/node_modules/character-parser
393 info preinstall character-parser@1.2.1
394 info linkStuff character-parser@1.2.1
395 silly linkStuff character-parser@1.2.1 has /home/osboxes/ashish/nodetest1/node_modules as its parent node_modules
396 verbose linkBins character-parser@1.2.1
397 verbose linkMans character-parser@1.2.1
398 verbose rebuildBundles character-parser@1.2.1
399 info install character-parser@1.2.1
400 info postinstall character-parser@1.2.1
401 verbose rebuild bundle /home/osboxes/ashish/nodetest1/node_modules/clean-css
402 info build /home/osboxes/ashish/nodetest1/node_modules/clean-css
403 info preinstall clean-css@3.4.8
404 info linkStuff clean-css@3.4.8
405 silly linkStuff clean-css@3.4.8 has /home/osboxes/ashish/nodetest1/node_modules as its parent node_modules
406 verbose linkBins clean-css@3.4.8
407 verbose link bins [ { cleancss: './bin/cleancss' },
407 verbose link bins   '/home/osboxes/ashish/nodetest1/node_modules/.bin',
407 verbose link bins   false ]
408 verbose linkMans clean-css@3.4.8
409 verbose rebuildBundles clean-css@3.4.8
410 verbose rebuildBundles [ 'commander' ]
411 silly gentlyRm /home/osboxes/ashish/nodetest1/node_modules/.bin/cleancss is being purged
412 verbose gentlyRm don't care about contents; nuking /home/osboxes/ashish/nodetest1/node_modules/.bin/cleancss
413 silly vacuum-fs purging /home/osboxes/ashish/nodetest1/node_modules/.bin/cleancss
414 silly vacuum-fs quitting because other entries in /home/osboxes/ashish/nodetest1/node_modules/.bin
415 info install clean-css@3.4.8
416 info postinstall clean-css@3.4.8
417 verbose rebuild bundle /home/osboxes/ashish/nodetest1/node_modules/cliui
418 info build /home/osboxes/ashish/nodetest1/node_modules/cliui
419 info preinstall cliui@2.1.0
420 info linkStuff cliui@2.1.0
421 silly linkStuff cliui@2.1.0 has /home/osboxes/ashish/nodetest1/node_modules as its parent node_modules
422 verbose linkBins cliui@2.1.0
423 verbose linkMans cliui@2.1.0
424 verbose rebuildBundles cliui@2.1.0
425 verbose rebuildBundles [ 'wordwrap' ]
426 info install cliui@2.1.0
427 info postinstall cliui@2.1.0
428 verbose rebuild bundle /home/osboxes/ashish/nodetest1/node_modules/commander
429 info build /home/osboxes/ashish/nodetest1/node_modules/commander
430 info preinstall commander@2.6.0
431 info linkStuff commander@2.6.0
432 silly linkStuff commander@2.6.0 has /home/osboxes/ashish/nodetest1/node_modules as its parent node_modules
433 verbose linkBins commander@2.6.0
434 verbose linkMans commander@2.6.0
435 verbose rebuildBundles commander@2.6.0
436 info install commander@2.6.0
437 info postinstall commander@2.6.0
438 verbose rebuild bundle /home/osboxes/ashish/nodetest1/node_modules/constantinople
439 info build /home/osboxes/ashish/nodetest1/node_modules/constantinople
440 info preinstall constantinople@3.0.2
441 info linkStuff constantinople@3.0.2
442 silly linkStuff constantinople@3.0.2 has /home/osboxes/ashish/nodetest1/node_modules as its parent node_modules
443 verbose linkBins constantinople@3.0.2
444 verbose linkMans constantinople@3.0.2
445 verbose rebuildBundles constantinople@3.0.2
446 info install constantinople@3.0.2
447 info postinstall constantinople@3.0.2
448 verbose rebuild bundle /home/osboxes/ashish/nodetest1/node_modules/content-disposition
449 info build /home/osboxes/ashish/nodetest1/node_modules/content-disposition
450 info preinstall content-disposition@0.5.0
451 info linkStuff content-disposition@0.5.0
452 silly linkStuff content-disposition@0.5.0 has /home/osboxes/ashish/nodetest1/node_modules as its parent node_modules
453 verbose linkBins content-disposition@0.5.0
454 verbose linkMans content-disposition@0.5.0
455 verbose rebuildBundles content-disposition@0.5.0
456 info install content-disposition@0.5.0
457 info postinstall content-disposition@0.5.0
458 verbose rebuild bundle /home/osboxes/ashish/nodetest1/node_modules/content-type
459 info build /home/osboxes/ashish/nodetest1/node_modules/content-type
460 info preinstall content-type@1.0.1
461 info linkStuff content-type@1.0.1
462 silly linkStuff content-type@1.0.1 has /home/osboxes/ashish/nodetest1/node_modules as its parent node_modules
463 verbose linkBins content-type@1.0.1
464 verbose linkMans content-type@1.0.1
465 verbose rebuildBundles content-type@1.0.1
466 info install content-type@1.0.1
467 info postinstall content-type@1.0.1
468 verbose rebuild bundle /home/osboxes/ashish/nodetest1/node_modules/cookie
469 info build /home/osboxes/ashish/nodetest1/node_modules/cookie
470 info preinstall cookie@0.1.3
471 info linkStuff cookie@0.1.3
472 silly linkStuff cookie@0.1.3 has /home/osboxes/ashish/nodetest1/node_modules as its parent node_modules
473 verbose linkBins cookie@0.1.3
474 verbose linkMans cookie@0.1.3
475 verbose rebuildBundles cookie@0.1.3
476 info install cookie@0.1.3
477 info postinstall cookie@0.1.3
478 verbose rebuild bundle /home/osboxes/ashish/nodetest1/node_modules/cookie-signature
479 info build /home/osboxes/ashish/nodetest1/node_modules/cookie-signature
480 info preinstall cookie-signature@1.0.6
481 info linkStuff cookie-signature@1.0.6
482 silly linkStuff cookie-signature@1.0.6 has /home/osboxes/ashish/nodetest1/node_modules as its parent node_modules
483 verbose linkBins cookie-signature@1.0.6
484 verbose linkMans cookie-signature@1.0.6
485 verbose rebuildBundles cookie-signature@1.0.6
486 info install cookie-signature@1.0.6
487 info postinstall cookie-signature@1.0.6
488 verbose rebuild bundle /home/osboxes/ashish/nodetest1/node_modules/core-util-is
489 info build /home/osboxes/ashish/nodetest1/node_modules/core-util-is
490 info preinstall core-util-is@1.0.2
491 info linkStuff core-util-is@1.0.2
492 silly linkStuff core-util-is@1.0.2 has /home/osboxes/ashish/nodetest1/node_modules as its parent node_modules
493 verbose linkBins core-util-is@1.0.2
494 verbose linkMans core-util-is@1.0.2
495 verbose rebuildBundles core-util-is@1.0.2
496 info install core-util-is@1.0.2
497 info postinstall core-util-is@1.0.2
498 verbose rebuild bundle /home/osboxes/ashish/nodetest1/node_modules/css
499 info build /home/osboxes/ashish/nodetest1/node_modules/css
500 info preinstall css@1.0.8
501 info linkStuff css@1.0.8
502 silly linkStuff css@1.0.8 has /home/osboxes/ashish/nodetest1/node_modules as its parent node_modules
503 verbose linkBins css@1.0.8
504 verbose linkMans css@1.0.8
505 verbose rebuildBundles css@1.0.8
506 info install css@1.0.8
507 info postinstall css@1.0.8
508 verbose rebuild bundle /home/osboxes/ashish/nodetest1/node_modules/css-parse
509 info build /home/osboxes/ashish/nodetest1/node_modules/css-parse
510 info preinstall css-parse@1.0.4
511 info linkStuff css-parse@1.0.4
512 silly linkStuff css-parse@1.0.4 has /home/osboxes/ashish/nodetest1/node_modules as its parent node_modules
513 verbose linkBins css-parse@1.0.4
514 verbose linkMans css-parse@1.0.4
515 verbose rebuildBundles css-parse@1.0.4
516 info install css-parse@1.0.4
517 info postinstall css-parse@1.0.4
518 verbose rebuild bundle /home/osboxes/ashish/nodetest1/node_modules/css-stringify
519 info build /home/osboxes/ashish/nodetest1/node_modules/css-stringify
520 info preinstall css-stringify@1.0.5
521 info linkStuff css-stringify@1.0.5
522 silly linkStuff css-stringify@1.0.5 has /home/osboxes/ashish/nodetest1/node_modules as its parent node_modules
523 verbose linkBins css-stringify@1.0.5
524 verbose linkMans css-stringify@1.0.5
525 verbose rebuildBundles css-stringify@1.0.5
526 info install css-stringify@1.0.5
527 info postinstall css-stringify@1.0.5
528 verbose rebuild bundle /home/osboxes/ashish/nodetest1/node_modules/decamelize
529 info build /home/osboxes/ashish/nodetest1/node_modules/decamelize
530 info preinstall decamelize@1.1.1
531 info linkStuff decamelize@1.1.1
532 silly linkStuff decamelize@1.1.1 has /home/osboxes/ashish/nodetest1/node_modules as its parent node_modules
533 verbose linkBins decamelize@1.1.1
534 verbose linkMans decamelize@1.1.1
535 verbose rebuildBundles decamelize@1.1.1
536 info install decamelize@1.1.1
537 info postinstall decamelize@1.1.1
538 verbose rebuild bundle /home/osboxes/ashish/nodetest1/node_modules/depd
539 info build /home/osboxes/ashish/nodetest1/node_modules/depd
540 info preinstall depd@1.0.1
541 info linkStuff depd@1.0.1
542 silly linkStuff depd@1.0.1 has /home/osboxes/ashish/nodetest1/node_modules as its parent node_modules
543 verbose linkBins depd@1.0.1
544 verbose linkMans depd@1.0.1
545 verbose rebuildBundles depd@1.0.1
546 info install depd@1.0.1
547 info postinstall depd@1.0.1
548 verbose rebuild bundle /home/osboxes/ashish/nodetest1/node_modules/destroy
549 info build /home/osboxes/ashish/nodetest1/node_modules/destroy
550 info preinstall destroy@1.0.3
551 info linkStuff destroy@1.0.3
552 silly linkStuff destroy@1.0.3 has /home/osboxes/ashish/nodetest1/node_modules as its parent node_modules
553 verbose linkBins destroy@1.0.3
554 verbose linkMans destroy@1.0.3
555 verbose rebuildBundles destroy@1.0.3
556 info install destroy@1.0.3
557 info postinstall destroy@1.0.3
558 verbose rebuild bundle /home/osboxes/ashish/nodetest1/node_modules/ee-first
559 info build /home/osboxes/ashish/nodetest1/node_modules/ee-first
560 info preinstall ee-first@1.1.1
561 info linkStuff ee-first@1.1.1
562 silly linkStuff ee-first@1.1.1 has /home/osboxes/ashish/nodetest1/node_modules as its parent node_modules
563 verbose linkBins ee-first@1.1.1
564 verbose linkMans ee-first@1.1.1
565 verbose rebuildBundles ee-first@1.1.1
566 info install ee-first@1.1.1
567 info postinstall ee-first@1.1.1
568 verbose rebuild bundle /home/osboxes/ashish/nodetest1/node_modules/es6-promise
569 info build /home/osboxes/ashish/nodetest1/node_modules/es6-promise
570 info preinstall es6-promise@2.1.1
571 info linkStuff es6-promise@2.1.1
572 silly linkStuff es6-promise@2.1.1 has /home/osboxes/ashish/nodetest1/node_modules as its parent node_modules
573 verbose linkBins es6-promise@2.1.1
574 verbose linkMans es6-promise@2.1.1
575 verbose rebuildBundles es6-promise@2.1.1
576 info install es6-promise@2.1.1
577 info postinstall es6-promise@2.1.1
578 verbose rebuild bundle /home/osboxes/ashish/nodetest1/node_modules/escape-html
579 info build /home/osboxes/ashish/nodetest1/node_modules/escape-html
580 info preinstall escape-html@1.0.2
581 info linkStuff escape-html@1.0.2
582 silly linkStuff escape-html@1.0.2 has /home/osboxes/ashish/nodetest1/node_modules as its parent node_modules
583 verbose linkBins escape-html@1.0.2
584 verbose linkMans escape-html@1.0.2
585 verbose rebuildBundles escape-html@1.0.2
586 info install escape-html@1.0.2
587 info postinstall escape-html@1.0.2
588 verbose rebuild bundle /home/osboxes/ashish/nodetest1/node_modules/etag
589 info build /home/osboxes/ashish/nodetest1/node_modules/etag
590 info preinstall etag@1.7.0
591 info linkStuff etag@1.7.0
592 silly linkStuff etag@1.7.0 has /home/osboxes/ashish/nodetest1/node_modules as its parent node_modules
593 verbose linkBins etag@1.7.0
594 verbose linkMans etag@1.7.0
595 verbose rebuildBundles etag@1.7.0
596 info install etag@1.7.0
597 info postinstall etag@1.7.0
598 verbose rebuild bundle /home/osboxes/ashish/nodetest1/node_modules/finalhandler
599 info build /home/osboxes/ashish/nodetest1/node_modules/finalhandler
600 info preinstall finalhandler@0.4.0
601 info linkStuff finalhandler@0.4.0
602 silly linkStuff finalhandler@0.4.0 has /home/osboxes/ashish/nodetest1/node_modules as its parent node_modules
603 verbose linkBins finalhandler@0.4.0
604 verbose linkMans finalhandler@0.4.0
605 verbose rebuildBundles finalhandler@0.4.0
606 info install finalhandler@0.4.0
607 info postinstall finalhandler@0.4.0
608 verbose rebuild bundle /home/osboxes/ashish/nodetest1/node_modules/forwarded
609 info build /home/osboxes/ashish/nodetest1/node_modules/forwarded
610 info preinstall forwarded@0.1.0
611 info linkStuff forwarded@0.1.0
612 silly linkStuff forwarded@0.1.0 has /home/osboxes/ashish/nodetest1/node_modules as its parent node_modules
613 verbose linkBins forwarded@0.1.0
614 verbose linkMans forwarded@0.1.0
615 verbose rebuildBundles forwarded@0.1.0
616 info install forwarded@0.1.0
617 info postinstall forwarded@0.1.0
618 verbose rebuild bundle /home/osboxes/ashish/nodetest1/node_modules/fresh
619 info build /home/osboxes/ashish/nodetest1/node_modules/fresh
620 info preinstall fresh@0.3.0
621 info linkStuff fresh@0.3.0
622 silly linkStuff fresh@0.3.0 has /home/osboxes/ashish/nodetest1/node_modules as its parent node_modules
623 verbose linkBins fresh@0.3.0
624 verbose linkMans fresh@0.3.0
625 verbose rebuildBundles fresh@0.3.0
626 info install fresh@0.3.0
627 info postinstall fresh@0.3.0
628 verbose rebuild bundle /home/osboxes/ashish/nodetest1/node_modules/graceful-readlink
629 info build /home/osboxes/ashish/nodetest1/node_modules/graceful-readlink
630 info preinstall graceful-readlink@1.0.1
631 info linkStuff graceful-readlink@1.0.1
632 silly linkStuff graceful-readlink@1.0.1 has /home/osboxes/ashish/nodetest1/node_modules as its parent node_modules
633 verbose linkBins graceful-readlink@1.0.1
634 verbose linkMans graceful-readlink@1.0.1
635 verbose rebuildBundles graceful-readlink@1.0.1
636 info install graceful-readlink@1.0.1
637 info postinstall graceful-readlink@1.0.1
638 verbose rebuild bundle /home/osboxes/ashish/nodetest1/node_modules/http-errors
639 info build /home/osboxes/ashish/nodetest1/node_modules/http-errors
640 info preinstall http-errors@1.3.1
641 info linkStuff http-errors@1.3.1
642 silly linkStuff http-errors@1.3.1 has /home/osboxes/ashish/nodetest1/node_modules as its parent node_modules
643 verbose linkBins http-errors@1.3.1
644 verbose linkMans http-errors@1.3.1
645 verbose rebuildBundles http-errors@1.3.1
646 info install http-errors@1.3.1
647 info postinstall http-errors@1.3.1
648 verbose rebuild bundle /home/osboxes/ashish/nodetest1/node_modules/iconv-lite
649 info build /home/osboxes/ashish/nodetest1/node_modules/iconv-lite
650 info preinstall iconv-lite@0.4.11
651 info linkStuff iconv-lite@0.4.11
652 silly linkStuff iconv-lite@0.4.11 has /home/osboxes/ashish/nodetest1/node_modules as its parent node_modules
653 verbose linkBins iconv-lite@0.4.11
654 verbose linkMans iconv-lite@0.4.11
655 verbose rebuildBundles iconv-lite@0.4.11
656 info install iconv-lite@0.4.11
657 info postinstall iconv-lite@0.4.11
658 verbose rebuild bundle /home/osboxes/ashish/nodetest1/node_modules/inherits
659 info build /home/osboxes/ashish/nodetest1/node_modules/inherits
660 info preinstall inherits@2.0.1
661 info linkStuff inherits@2.0.1
662 silly linkStuff inherits@2.0.1 has /home/osboxes/ashish/nodetest1/node_modules as its parent node_modules
663 verbose linkBins inherits@2.0.1
664 verbose linkMans inherits@2.0.1
665 verbose rebuildBundles inherits@2.0.1
666 info install inherits@2.0.1
667 info postinstall inherits@2.0.1
668 verbose rebuild bundle /home/osboxes/ashish/nodetest1/node_modules/ipaddr.js
669 info build /home/osboxes/ashish/nodetest1/node_modules/ipaddr.js
670 info preinstall ipaddr.js@1.0.1
671 info linkStuff ipaddr.js@1.0.1
672 silly linkStuff ipaddr.js@1.0.1 has /home/osboxes/ashish/nodetest1/node_modules as its parent node_modules
673 verbose linkBins ipaddr.js@1.0.1
674 verbose linkMans ipaddr.js@1.0.1
675 verbose rebuildBundles ipaddr.js@1.0.1
676 info install ipaddr.js@1.0.1
677 info postinstall ipaddr.js@1.0.1
678 verbose rebuild bundle /home/osboxes/ashish/nodetest1/node_modules/is-buffer
679 info build /home/osboxes/ashish/nodetest1/node_modules/is-buffer
680 info preinstall is-buffer@1.1.0
681 info linkStuff is-buffer@1.1.0
682 silly linkStuff is-buffer@1.1.0 has /home/osboxes/ashish/nodetest1/node_modules as its parent node_modules
683 verbose linkBins is-buffer@1.1.0
684 verbose linkMans is-buffer@1.1.0
685 verbose rebuildBundles is-buffer@1.1.0
686 info install is-buffer@1.1.0
687 info postinstall is-buffer@1.1.0
688 verbose rebuild bundle /home/osboxes/ashish/nodetest1/node_modules/is-promise
689 info build /home/osboxes/ashish/nodetest1/node_modules/is-promise
690 info preinstall is-promise@2.1.0
691 info linkStuff is-promise@2.1.0
692 silly linkStuff is-promise@2.1.0 has /home/osboxes/ashish/nodetest1/node_modules as its parent node_modules
693 verbose linkBins is-promise@2.1.0
694 verbose linkMans is-promise@2.1.0
695 verbose rebuildBundles is-promise@2.1.0
696 info install is-promise@2.1.0
697 info postinstall is-promise@2.1.0
698 verbose rebuild bundle /home/osboxes/ashish/nodetest1/node_modules/isarray
699 info build /home/osboxes/ashish/nodetest1/node_modules/isarray
700 info preinstall isarray@0.0.1
701 info linkStuff isarray@0.0.1
702 silly linkStuff isarray@0.0.1 has /home/osboxes/ashish/nodetest1/node_modules as its parent node_modules
703 verbose linkBins isarray@0.0.1
704 verbose linkMans isarray@0.0.1
705 verbose rebuildBundles isarray@0.0.1
706 info install isarray@0.0.1
707 info postinstall isarray@0.0.1
708 verbose rebuild bundle /home/osboxes/ashish/nodetest1/node_modules/jstransformer
709 info build /home/osboxes/ashish/nodetest1/node_modules/jstransformer
710 info preinstall jstransformer@0.0.2
711 info linkStuff jstransformer@0.0.2
712 silly linkStuff jstransformer@0.0.2 has /home/osboxes/ashish/nodetest1/node_modules as its parent node_modules
713 verbose linkBins jstransformer@0.0.2
714 verbose linkMans jstransformer@0.0.2
715 verbose rebuildBundles jstransformer@0.0.2
716 info install jstransformer@0.0.2
717 info postinstall jstransformer@0.0.2
718 verbose rebuild bundle /home/osboxes/ashish/nodetest1/node_modules/kind-of
719 info build /home/osboxes/ashish/nodetest1/node_modules/kind-of
720 info preinstall kind-of@2.0.1
721 info linkStuff kind-of@2.0.1
722 silly linkStuff kind-of@2.0.1 has /home/osboxes/ashish/nodetest1/node_modules as its parent node_modules
723 verbose linkBins kind-of@2.0.1
724 verbose linkMans kind-of@2.0.1
725 verbose rebuildBundles kind-of@2.0.1
726 info install kind-of@2.0.1
727 info postinstall kind-of@2.0.1
728 verbose rebuild bundle /home/osboxes/ashish/nodetest1/node_modules/lazy-cache
729 info build /home/osboxes/ashish/nodetest1/node_modules/lazy-cache
730 info preinstall lazy-cache@0.2.4
731 info linkStuff lazy-cache@0.2.4
732 silly linkStuff lazy-cache@0.2.4 has /home/osboxes/ashish/nodetest1/node_modules as its parent node_modules
733 verbose linkBins lazy-cache@0.2.4
734 verbose linkMans lazy-cache@0.2.4
735 verbose rebuildBundles lazy-cache@0.2.4
736 info install lazy-cache@0.2.4
737 info postinstall lazy-cache@0.2.4
738 verbose rebuild bundle /home/osboxes/ashish/nodetest1/node_modules/longest
739 info build /home/osboxes/ashish/nodetest1/node_modules/longest
740 info preinstall longest@1.0.1
741 info linkStuff longest@1.0.1
742 silly linkStuff longest@1.0.1 has /home/osboxes/ashish/nodetest1/node_modules as its parent node_modules
743 verbose linkBins longest@1.0.1
744 verbose linkMans longest@1.0.1
745 verbose rebuildBundles longest@1.0.1
746 info install longest@1.0.1
747 info postinstall longest@1.0.1
748 verbose rebuild bundle /home/osboxes/ashish/nodetest1/node_modules/media-typer
749 info build /home/osboxes/ashish/nodetest1/node_modules/media-typer
750 info preinstall media-typer@0.3.0
751 info linkStuff media-typer@0.3.0
752 silly linkStuff media-typer@0.3.0 has /home/osboxes/ashish/nodetest1/node_modules as its parent node_modules
753 verbose linkBins media-typer@0.3.0
754 verbose linkMans media-typer@0.3.0
755 verbose rebuildBundles media-typer@0.3.0
756 info install media-typer@0.3.0
757 info postinstall media-typer@0.3.0
758 verbose rebuild bundle /home/osboxes/ashish/nodetest1/node_modules/merge-descriptors
759 info build /home/osboxes/ashish/nodetest1/node_modules/merge-descriptors
760 info preinstall merge-descriptors@1.0.0
761 info linkStuff merge-descriptors@1.0.0
762 silly linkStuff merge-descriptors@1.0.0 has /home/osboxes/ashish/nodetest1/node_modules as its parent node_modules
763 verbose linkBins merge-descriptors@1.0.0
764 verbose linkMans merge-descriptors@1.0.0
765 verbose rebuildBundles merge-descriptors@1.0.0
766 info install merge-descriptors@1.0.0
767 info postinstall merge-descriptors@1.0.0
768 verbose rebuild bundle /home/osboxes/ashish/nodetest1/node_modules/methods
769 info build /home/osboxes/ashish/nodetest1/node_modules/methods
770 info preinstall methods@1.1.1
771 info linkStuff methods@1.1.1
772 silly linkStuff methods@1.1.1 has /home/osboxes/ashish/nodetest1/node_modules as its parent node_modules
773 verbose linkBins methods@1.1.1
774 verbose linkMans methods@1.1.1
775 verbose rebuildBundles methods@1.1.1
776 info install methods@1.1.1
777 info postinstall methods@1.1.1
778 verbose rebuild bundle /home/osboxes/ashish/nodetest1/node_modules/mime
779 info build /home/osboxes/ashish/nodetest1/node_modules/mime
780 info preinstall mime@1.3.4
781 info linkStuff mime@1.3.4
782 silly linkStuff mime@1.3.4 has /home/osboxes/ashish/nodetest1/node_modules as its parent node_modules
783 verbose linkBins mime@1.3.4
784 verbose link bins [ { mime: 'cli.js' },
784 verbose link bins   '/home/osboxes/ashish/nodetest1/node_modules/.bin',
784 verbose link bins   false ]
785 verbose linkMans mime@1.3.4
786 verbose rebuildBundles mime@1.3.4
787 silly gentlyRm /home/osboxes/ashish/nodetest1/node_modules/.bin/mime is being purged
788 verbose gentlyRm don't care about contents; nuking /home/osboxes/ashish/nodetest1/node_modules/.bin/mime
789 silly vacuum-fs purging /home/osboxes/ashish/nodetest1/node_modules/.bin/mime
790 silly vacuum-fs quitting because other entries in /home/osboxes/ashish/nodetest1/node_modules/.bin
791 info install mime@1.3.4
792 info postinstall mime@1.3.4
793 verbose rebuild bundle /home/osboxes/ashish/nodetest1/node_modules/mime-db
794 info build /home/osboxes/ashish/nodetest1/node_modules/mime-db
795 info preinstall mime-db@1.19.0
796 info linkStuff mime-db@1.19.0
797 silly linkStuff mime-db@1.19.0 has /home/osboxes/ashish/nodetest1/node_modules as its parent node_modules
798 verbose linkBins mime-db@1.19.0
799 verbose linkMans mime-db@1.19.0
800 verbose rebuildBundles mime-db@1.19.0
801 info install mime-db@1.19.0
802 info postinstall mime-db@1.19.0
803 verbose rebuild bundle /home/osboxes/ashish/nodetest1/node_modules/mime-types
804 info build /home/osboxes/ashish/nodetest1/node_modules/mime-types
805 info preinstall mime-types@2.1.7
806 info linkStuff mime-types@2.1.7
807 silly linkStuff mime-types@2.1.7 has /home/osboxes/ashish/nodetest1/node_modules as its parent node_modules
808 verbose linkBins mime-types@2.1.7
809 verbose linkMans mime-types@2.1.7
810 verbose rebuildBundles mime-types@2.1.7
811 info install mime-types@2.1.7
812 info postinstall mime-types@2.1.7
813 verbose rebuild bundle /home/osboxes/ashish/nodetest1/node_modules/minimist
814 info build /home/osboxes/ashish/nodetest1/node_modules/minimist
815 info preinstall minimist@0.0.8
816 info linkStuff minimist@0.0.8
817 silly linkStuff minimist@0.0.8 has /home/osboxes/ashish/nodetest1/node_modules as its parent node_modules
818 verbose linkBins minimist@0.0.8
819 verbose linkMans minimist@0.0.8
820 verbose rebuildBundles minimist@0.0.8
821 info install minimist@0.0.8
822 info postinstall minimist@0.0.8
823 verbose rebuild bundle /home/osboxes/ashish/nodetest1/node_modules/mkdirp
824 info build /home/osboxes/ashish/nodetest1/node_modules/mkdirp
825 info preinstall mkdirp@0.5.1
826 info linkStuff mkdirp@0.5.1
827 silly linkStuff mkdirp@0.5.1 has /home/osboxes/ashish/nodetest1/node_modules as its parent node_modules
828 verbose linkBins mkdirp@0.5.1
829 verbose link bins [ { mkdirp: 'bin/cmd.js' },
829 verbose link bins   '/home/osboxes/ashish/nodetest1/node_modules/.bin',
829 verbose link bins   false ]
830 verbose linkMans mkdirp@0.5.1
831 verbose rebuildBundles mkdirp@0.5.1
832 silly gentlyRm /home/osboxes/ashish/nodetest1/node_modules/.bin/mkdirp is being purged
833 verbose gentlyRm don't care about contents; nuking /home/osboxes/ashish/nodetest1/node_modules/.bin/mkdirp
834 silly vacuum-fs purging /home/osboxes/ashish/nodetest1/node_modules/.bin/mkdirp
835 silly vacuum-fs quitting because other entries in /home/osboxes/ashish/nodetest1/node_modules/.bin
836 info install mkdirp@0.5.1
837 info postinstall mkdirp@0.5.1
838 verbose rebuild bundle /home/osboxes/ashish/nodetest1/node_modules/mongodb-core
839 info build /home/osboxes/ashish/nodetest1/node_modules/mongodb-core
840 info preinstall mongodb-core@1.2.24
841 info linkStuff mongodb-core@1.2.24
842 silly linkStuff mongodb-core@1.2.24 has /home/osboxes/ashish/nodetest1/node_modules as its parent node_modules
843 verbose linkBins mongodb-core@1.2.24
844 verbose linkMans mongodb-core@1.2.24
845 verbose rebuildBundles mongodb-core@1.2.24
846 info install mongodb-core@1.2.24
847 info postinstall mongodb-core@1.2.24
848 verbose rebuild bundle /home/osboxes/ashish/nodetest1/node_modules/mongoose
849 info build /home/osboxes/ashish/nodetest1/node_modules/mongoose
850 info preinstall mongoose@4.2.8
851 info linkStuff mongoose@4.2.8
852 silly linkStuff mongoose@4.2.8 has /home/osboxes/ashish/nodetest1/node_modules as its parent node_modules
853 verbose linkBins mongoose@4.2.8
854 verbose linkMans mongoose@4.2.8
855 verbose rebuildBundles mongoose@4.2.8
856 verbose rebuildBundles [ 'async',
856 verbose rebuildBundles   'hooks-fixed',
856 verbose rebuildBundles   'kareem',
856 verbose rebuildBundles   'mpath',
856 verbose rebuildBundles   'mpromise',
856 verbose rebuildBundles   'mquery',
856 verbose rebuildBundles   'muri',
856 verbose rebuildBundles   'regexp-clone',
856 verbose rebuildBundles   'sliced' ]
857 info install mongoose@4.2.8
858 info postinstall mongoose@4.2.8
859 verbose rebuild bundle /home/osboxes/ashish/nodetest1/node_modules/mongoskin
860 info build /home/osboxes/ashish/nodetest1/node_modules/mongoskin
861 info preinstall mongoskin@1.4.13
862 info linkStuff mongoskin@1.4.13
863 silly linkStuff mongoskin@1.4.13 has /home/osboxes/ashish/nodetest1/node_modules as its parent node_modules
864 verbose linkBins mongoskin@1.4.13
865 verbose linkMans mongoskin@1.4.13
866 verbose rebuildBundles mongoskin@1.4.13
867 info install mongoskin@1.4.13
868 info postinstall mongoskin@1.4.13
869 verbose rebuild bundle /home/osboxes/ashish/nodetest1/node_modules/mpromise
870 info build /home/osboxes/ashish/nodetest1/node_modules/mpromise
871 info preinstall mpromise@0.5.1
872 info linkStuff mpromise@0.5.1
873 silly linkStuff mpromise@0.5.1 has /home/osboxes/ashish/nodetest1/node_modules as its parent node_modules
874 verbose linkBins mpromise@0.5.1
875 verbose linkMans mpromise@0.5.1
876 verbose rebuildBundles mpromise@0.5.1
877 info install mpromise@0.5.1
878 info postinstall mpromise@0.5.1
879 verbose rebuild bundle /home/osboxes/ashish/nodetest1/node_modules/ms
880 info build /home/osboxes/ashish/nodetest1/node_modules/ms
881 info preinstall ms@0.7.1
882 info linkStuff ms@0.7.1
883 silly linkStuff ms@0.7.1 has /home/osboxes/ashish/nodetest1/node_modules as its parent node_modules
884 verbose linkBins ms@0.7.1
885 verbose linkMans ms@0.7.1
886 verbose rebuildBundles ms@0.7.1
887 info install ms@0.7.1
888 info postinstall ms@0.7.1
889 verbose rebuild bundle /home/osboxes/ashish/nodetest1/node_modules/negotiator
890 info build /home/osboxes/ashish/nodetest1/node_modules/negotiator
891 info preinstall negotiator@0.5.3
892 info linkStuff negotiator@0.5.3
893 silly linkStuff negotiator@0.5.3 has /home/osboxes/ashish/nodetest1/node_modules as its parent node_modules
894 verbose linkBins negotiator@0.5.3
895 verbose linkMans negotiator@0.5.3
896 verbose rebuildBundles negotiator@0.5.3
897 info install negotiator@0.5.3
898 info postinstall negotiator@0.5.3
899 verbose rebuild bundle /home/osboxes/ashish/nodetest1/node_modules/on-finished
900 info build /home/osboxes/ashish/nodetest1/node_modules/on-finished
901 info preinstall on-finished@2.3.0
902 info linkStuff on-finished@2.3.0
903 silly linkStuff on-finished@2.3.0 has /home/osboxes/ashish/nodetest1/node_modules as its parent node_modules
904 verbose linkBins on-finished@2.3.0
905 verbose linkMans on-finished@2.3.0
906 verbose rebuildBundles on-finished@2.3.0
907 info install on-finished@2.3.0
908 info postinstall on-finished@2.3.0
909 verbose rebuild bundle /home/osboxes/ashish/nodetest1/node_modules/on-headers
910 info build /home/osboxes/ashish/nodetest1/node_modules/on-headers
911 info preinstall on-headers@1.0.1
912 info linkStuff on-headers@1.0.1
913 silly linkStuff on-headers@1.0.1 has /home/osboxes/ashish/nodetest1/node_modules as its parent node_modules
914 verbose linkBins on-headers@1.0.1
915 verbose linkMans on-headers@1.0.1
916 verbose rebuildBundles on-headers@1.0.1
917 info install on-headers@1.0.1
918 info postinstall on-headers@1.0.1
919 verbose rebuild bundle /home/osboxes/ashish/nodetest1/node_modules/optimist
920 info build /home/osboxes/ashish/nodetest1/node_modules/optimist
921 info preinstall optimist@0.3.7
922 info linkStuff optimist@0.3.7
923 silly linkStuff optimist@0.3.7 has /home/osboxes/ashish/nodetest1/node_modules as its parent node_modules
924 verbose linkBins optimist@0.3.7
925 verbose linkMans optimist@0.3.7
926 verbose rebuildBundles optimist@0.3.7
927 info install optimist@0.3.7
928 info postinstall optimist@0.3.7
929 verbose rebuild bundle /home/osboxes/ashish/nodetest1/node_modules/parseurl
930 info build /home/osboxes/ashish/nodetest1/node_modules/parseurl
931 info preinstall parseurl@1.3.0
932 info linkStuff parseurl@1.3.0
933 silly linkStuff parseurl@1.3.0 has /home/osboxes/ashish/nodetest1/node_modules as its parent node_modules
934 verbose linkBins parseurl@1.3.0
935 verbose linkMans parseurl@1.3.0
936 verbose rebuildBundles parseurl@1.3.0
937 info install parseurl@1.3.0
938 info postinstall parseurl@1.3.0
939 verbose rebuild bundle /home/osboxes/ashish/nodetest1/node_modules/path-to-regexp
940 info build /home/osboxes/ashish/nodetest1/node_modules/path-to-regexp
941 info preinstall path-to-regexp@0.1.7
942 info linkStuff path-to-regexp@0.1.7
943 silly linkStuff path-to-regexp@0.1.7 has /home/osboxes/ashish/nodetest1/node_modules as its parent node_modules
944 verbose linkBins path-to-regexp@0.1.7
945 verbose linkMans path-to-regexp@0.1.7
946 verbose rebuildBundles path-to-regexp@0.1.7
947 info install path-to-regexp@0.1.7
948 info postinstall path-to-regexp@0.1.7
949 verbose rebuild bundle /home/osboxes/ashish/nodetest1/node_modules/promise
950 info build /home/osboxes/ashish/nodetest1/node_modules/promise
951 info preinstall promise@6.1.0
952 info linkStuff promise@6.1.0
953 silly linkStuff promise@6.1.0 has /home/osboxes/ashish/nodetest1/node_modules as its parent node_modules
954 verbose linkBins promise@6.1.0
955 verbose linkMans promise@6.1.0
956 verbose rebuildBundles promise@6.1.0
957 info install promise@6.1.0
958 info postinstall promise@6.1.0
959 verbose rebuild bundle /home/osboxes/ashish/nodetest1/node_modules/proxy-addr
960 info build /home/osboxes/ashish/nodetest1/node_modules/proxy-addr
961 info preinstall proxy-addr@1.0.8
962 info linkStuff proxy-addr@1.0.8
963 silly linkStuff proxy-addr@1.0.8 has /home/osboxes/ashish/nodetest1/node_modules as its parent node_modules
964 verbose linkBins proxy-addr@1.0.8
965 verbose linkMans proxy-addr@1.0.8
966 verbose rebuildBundles proxy-addr@1.0.8
967 info install proxy-addr@1.0.8
968 info postinstall proxy-addr@1.0.8
969 verbose rebuild bundle /home/osboxes/ashish/nodetest1/node_modules/qs
970 info build /home/osboxes/ashish/nodetest1/node_modules/qs
971 info preinstall qs@4.0.0
972 info linkStuff qs@4.0.0
973 silly linkStuff qs@4.0.0 has /home/osboxes/ashish/nodetest1/node_modules as its parent node_modules
974 verbose linkBins qs@4.0.0
975 verbose linkMans qs@4.0.0
976 verbose rebuildBundles qs@4.0.0
977 info install qs@4.0.0
978 info postinstall qs@4.0.0
979 verbose rebuild bundle /home/osboxes/ashish/nodetest1/node_modules/range-parser
980 info build /home/osboxes/ashish/nodetest1/node_modules/range-parser
981 info preinstall range-parser@1.0.3
982 info linkStuff range-parser@1.0.3
983 silly linkStuff range-parser@1.0.3 has /home/osboxes/ashish/nodetest1/node_modules as its parent node_modules
984 verbose linkBins range-parser@1.0.3
985 verbose linkMans range-parser@1.0.3
986 verbose rebuildBundles range-parser@1.0.3
987 info install range-parser@1.0.3
988 info postinstall range-parser@1.0.3
989 verbose rebuild bundle /home/osboxes/ashish/nodetest1/node_modules/raw-body
990 info build /home/osboxes/ashish/nodetest1/node_modules/raw-body
991 info preinstall raw-body@2.1.4
992 info linkStuff raw-body@2.1.4
993 silly linkStuff raw-body@2.1.4 has /home/osboxes/ashish/nodetest1/node_modules as its parent node_modules
994 verbose linkBins raw-body@2.1.4
995 verbose linkMans raw-body@2.1.4
996 verbose rebuildBundles raw-body@2.1.4
997 verbose rebuildBundles [ 'iconv-lite' ]
998 info install raw-body@2.1.4
999 info postinstall raw-body@2.1.4
1000 verbose rebuild bundle /home/osboxes/ashish/nodetest1/node_modules/readable-stream
1001 info build /home/osboxes/ashish/nodetest1/node_modules/readable-stream
1002 info preinstall readable-stream@1.0.31
1003 info linkStuff readable-stream@1.0.31
1004 silly linkStuff readable-stream@1.0.31 has /home/osboxes/ashish/nodetest1/node_modules as its parent node_modules
1005 verbose linkBins readable-stream@1.0.31
1006 verbose linkMans readable-stream@1.0.31
1007 verbose rebuildBundles readable-stream@1.0.31
1008 info install readable-stream@1.0.31
1009 info postinstall readable-stream@1.0.31
1010 verbose rebuild bundle /home/osboxes/ashish/nodetest1/node_modules/repeat-string
1011 info build /home/osboxes/ashish/nodetest1/node_modules/repeat-string
1012 info preinstall repeat-string@1.5.2
1013 info linkStuff repeat-string@1.5.2
1014 silly linkStuff repeat-string@1.5.2 has /home/osboxes/ashish/nodetest1/node_modules as its parent node_modules
1015 verbose linkBins repeat-string@1.5.2
1016 verbose linkMans repeat-string@1.5.2
1017 verbose rebuildBundles repeat-string@1.5.2
1018 info install repeat-string@1.5.2
1019 info postinstall repeat-string@1.5.2
1020 verbose rebuild bundle /home/osboxes/ashish/nodetest1/node_modules/right-align
1021 info build /home/osboxes/ashish/nodetest1/node_modules/right-align
1022 info preinstall right-align@0.1.3
1023 info linkStuff right-align@0.1.3
1024 silly linkStuff right-align@0.1.3 has /home/osboxes/ashish/nodetest1/node_modules as its parent node_modules
1025 verbose linkBins right-align@0.1.3
1026 verbose linkMans right-align@0.1.3
1027 verbose rebuildBundles right-align@0.1.3
1028 info install right-align@0.1.3
1029 info postinstall right-align@0.1.3
1030 verbose rebuild bundle /home/osboxes/ashish/nodetest1/node_modules/send
1031 info build /home/osboxes/ashish/nodetest1/node_modules/send
1032 info preinstall send@0.13.0
1033 info linkStuff send@0.13.0
1034 silly linkStuff send@0.13.0 has /home/osboxes/ashish/nodetest1/node_modules as its parent node_modules
1035 verbose linkBins send@0.13.0
1036 verbose linkMans send@0.13.0
1037 verbose rebuildBundles send@0.13.0
1038 info install send@0.13.0
1039 info postinstall send@0.13.0
1040 verbose rebuild bundle /home/osboxes/ashish/nodetest1/node_modules/serve-static
1041 info build /home/osboxes/ashish/nodetest1/node_modules/serve-static
1042 info preinstall serve-static@1.10.0
1043 info linkStuff serve-static@1.10.0
1044 silly linkStuff serve-static@1.10.0 has /home/osboxes/ashish/nodetest1/node_modules as its parent node_modules
1045 verbose linkBins serve-static@1.10.0
1046 verbose linkMans serve-static@1.10.0
1047 verbose rebuildBundles serve-static@1.10.0
1048 info install serve-static@1.10.0
1049 info postinstall serve-static@1.10.0
1050 verbose rebuild bundle /home/osboxes/ashish/nodetest1/node_modules/source-map
1051 info build /home/osboxes/ashish/nodetest1/node_modules/source-map
1052 info preinstall source-map@0.4.4
1053 info linkStuff source-map@0.4.4
1054 silly linkStuff source-map@0.4.4 has /home/osboxes/ashish/nodetest1/node_modules as its parent node_modules
1055 verbose linkBins source-map@0.4.4
1056 verbose linkMans source-map@0.4.4
1057 verbose rebuildBundles source-map@0.4.4
1058 info install source-map@0.4.4
1059 info postinstall source-map@0.4.4
1060 verbose rebuild bundle /home/osboxes/ashish/nodetest1/node_modules/static-favicon
1061 info build /home/osboxes/ashish/nodetest1/node_modules/static-favicon
1062 info preinstall static-favicon@1.0.2
1063 info linkStuff static-favicon@1.0.2
1064 silly linkStuff static-favicon@1.0.2 has /home/osboxes/ashish/nodetest1/node_modules as its parent node_modules
1065 verbose linkBins static-favicon@1.0.2
1066 verbose linkMans static-favicon@1.0.2
1067 verbose rebuildBundles static-favicon@1.0.2
1068 info install static-favicon@1.0.2
1069 info postinstall static-favicon@1.0.2
1070 verbose rebuild bundle /home/osboxes/ashish/nodetest1/node_modules/statuses
1071 info build /home/osboxes/ashish/nodetest1/node_modules/statuses
1072 info preinstall statuses@1.2.1
1073 info linkStuff statuses@1.2.1
1074 silly linkStuff statuses@1.2.1 has /home/osboxes/ashish/nodetest1/node_modules as its parent node_modules
1075 verbose linkBins statuses@1.2.1
1076 verbose linkMans statuses@1.2.1
1077 verbose rebuildBundles statuses@1.2.1
1078 info install statuses@1.2.1
1079 info postinstall statuses@1.2.1
1080 verbose rebuild bundle /home/osboxes/ashish/nodetest1/node_modules/string_decoder
1081 info build /home/osboxes/ashish/nodetest1/node_modules/string_decoder
1082 info preinstall string_decoder@0.10.31
1083 info linkStuff string_decoder@0.10.31
1084 silly linkStuff string_decoder@0.10.31 has /home/osboxes/ashish/nodetest1/node_modules as its parent node_modules
1085 verbose linkBins string_decoder@0.10.31
1086 verbose linkMans string_decoder@0.10.31
1087 verbose rebuildBundles string_decoder@0.10.31
1088 info install string_decoder@0.10.31
1089 info postinstall string_decoder@0.10.31
1090 verbose rebuild bundle /home/osboxes/ashish/nodetest1/node_modules/transformers
1091 info build /home/osboxes/ashish/nodetest1/node_modules/transformers
1092 info preinstall transformers@2.1.0
1093 info linkStuff transformers@2.1.0
1094 silly linkStuff transformers@2.1.0 has /home/osboxes/ashish/nodetest1/node_modules as its parent node_modules
1095 verbose linkBins transformers@2.1.0
1096 verbose linkMans transformers@2.1.0
1097 verbose rebuildBundles transformers@2.1.0
1098 verbose rebuildBundles [ '.bin', 'is-promise', 'promise', 'source-map', 'uglify-js' ]
1099 verbose rebuild bundle /home/osboxes/ashish/nodetest1/node_modules/transformers/node_modules/is-promise
1100 info build /home/osboxes/ashish/nodetest1/node_modules/transformers/node_modules/is-promise
1101 info preinstall is-promise@1.0.1
1102 info linkStuff is-promise@1.0.1
1103 silly linkStuff is-promise@1.0.1 has /home/osboxes/ashish/nodetest1/node_modules/transformers/node_modules as its parent node_modules
1104 verbose linkBins is-promise@1.0.1
1105 verbose linkMans is-promise@1.0.1
1106 verbose rebuildBundles is-promise@1.0.1
1107 info install is-promise@1.0.1
1108 info postinstall is-promise@1.0.1
1109 verbose rebuild bundle /home/osboxes/ashish/nodetest1/node_modules/transformers/node_modules/source-map
1110 info build /home/osboxes/ashish/nodetest1/node_modules/transformers/node_modules/source-map
1111 info preinstall source-map@0.1.43
1112 info linkStuff source-map@0.1.43
1113 silly linkStuff source-map@0.1.43 has /home/osboxes/ashish/nodetest1/node_modules/transformers/node_modules as its parent node_modules
1114 verbose linkBins source-map@0.1.43
1115 verbose linkMans source-map@0.1.43
1116 verbose rebuildBundles source-map@0.1.43
1117 info install source-map@0.1.43
1118 info postinstall source-map@0.1.43
1119 info install transformers@2.1.0
1120 info postinstall transformers@2.1.0
1121 verbose rebuild bundle /home/osboxes/ashish/nodetest1/node_modules/type-is
1122 info build /home/osboxes/ashish/nodetest1/node_modules/type-is
1123 info preinstall type-is@1.6.9
1124 info linkStuff type-is@1.6.9
1125 silly linkStuff type-is@1.6.9 has /home/osboxes/ashish/nodetest1/node_modules as its parent node_modules
1126 verbose linkBins type-is@1.6.9
1127 verbose linkMans type-is@1.6.9
1128 verbose rebuildBundles type-is@1.6.9
1129 info install type-is@1.6.9
1130 info postinstall type-is@1.6.9
1131 verbose rebuild bundle /home/osboxes/ashish/nodetest1/node_modules/uglify-js
1132 info build /home/osboxes/ashish/nodetest1/node_modules/uglify-js
1133 info preinstall uglify-js@2.6.1
1134 info linkStuff uglify-js@2.6.1
1135 silly linkStuff uglify-js@2.6.1 has /home/osboxes/ashish/nodetest1/node_modules as its parent node_modules
1136 verbose linkBins uglify-js@2.6.1
1137 verbose link bins [ { uglifyjs: 'bin/uglifyjs' },
1137 verbose link bins   '/home/osboxes/ashish/nodetest1/node_modules/.bin',
1137 verbose link bins   false ]
1138 verbose linkMans uglify-js@2.6.1
1139 verbose rebuildBundles uglify-js@2.6.1
1140 verbose rebuildBundles [ 'source-map' ]
1141 silly gentlyRm /home/osboxes/ashish/nodetest1/node_modules/.bin/uglifyjs is being purged
1142 verbose gentlyRm don't care about contents; nuking /home/osboxes/ashish/nodetest1/node_modules/.bin/uglifyjs
1143 silly vacuum-fs purging /home/osboxes/ashish/nodetest1/node_modules/.bin/uglifyjs
1144 silly vacuum-fs quitting because other entries in /home/osboxes/ashish/nodetest1/node_modules/.bin
1145 info install uglify-js@2.6.1
1146 info postinstall uglify-js@2.6.1
1147 verbose rebuild bundle /home/osboxes/ashish/nodetest1/node_modules/uglify-to-browserify
1148 info build /home/osboxes/ashish/nodetest1/node_modules/uglify-to-browserify
1149 info preinstall uglify-to-browserify@1.0.2
1150 info linkStuff uglify-to-browserify@1.0.2
1151 silly linkStuff uglify-to-browserify@1.0.2 has /home/osboxes/ashish/nodetest1/node_modules as its parent node_modules
1152 verbose linkBins uglify-to-browserify@1.0.2
1153 verbose linkMans uglify-to-browserify@1.0.2
1154 verbose rebuildBundles uglify-to-browserify@1.0.2
1155 info install uglify-to-browserify@1.0.2
1156 info postinstall uglify-to-browserify@1.0.2
1157 verbose rebuild bundle /home/osboxes/ashish/nodetest1/node_modules/unpipe
1158 info build /home/osboxes/ashish/nodetest1/node_modules/unpipe
1159 info preinstall unpipe@1.0.0
1160 info linkStuff unpipe@1.0.0
1161 silly linkStuff unpipe@1.0.0 has /home/osboxes/ashish/nodetest1/node_modules as its parent node_modules
1162 verbose linkBins unpipe@1.0.0
1163 verbose linkMans unpipe@1.0.0
1164 verbose rebuildBundles unpipe@1.0.0
1165 info install unpipe@1.0.0
1166 info postinstall unpipe@1.0.0
1167 verbose rebuild bundle /home/osboxes/ashish/nodetest1/node_modules/utils-merge
1168 info build /home/osboxes/ashish/nodetest1/node_modules/utils-merge
1169 info preinstall utils-merge@1.0.0
1170 info linkStuff utils-merge@1.0.0
1171 silly linkStuff utils-merge@1.0.0 has /home/osboxes/ashish/nodetest1/node_modules as its parent node_modules
1172 verbose linkBins utils-merge@1.0.0
1173 verbose linkMans utils-merge@1.0.0
1174 verbose rebuildBundles utils-merge@1.0.0
1175 info install utils-merge@1.0.0
1176 info postinstall utils-merge@1.0.0
1177 verbose rebuild bundle /home/osboxes/ashish/nodetest1/node_modules/vary
1178 info build /home/osboxes/ashish/nodetest1/node_modules/vary
1179 info preinstall vary@1.0.1
1180 info linkStuff vary@1.0.1
1181 silly linkStuff vary@1.0.1 has /home/osboxes/ashish/nodetest1/node_modules as its parent node_modules
1182 verbose linkBins vary@1.0.1
1183 verbose linkMans vary@1.0.1
1184 verbose rebuildBundles vary@1.0.1
1185 info install vary@1.0.1
1186 info postinstall vary@1.0.1
1187 verbose rebuild bundle /home/osboxes/ashish/nodetest1/node_modules/void-elements
1188 info build /home/osboxes/ashish/nodetest1/node_modules/void-elements
1189 info preinstall void-elements@2.0.1
1190 info linkStuff void-elements@2.0.1
1191 silly linkStuff void-elements@2.0.1 has /home/osboxes/ashish/nodetest1/node_modules as its parent node_modules
1192 verbose linkBins void-elements@2.0.1
1193 verbose linkMans void-elements@2.0.1
1194 verbose rebuildBundles void-elements@2.0.1
1195 info install void-elements@2.0.1
1196 info postinstall void-elements@2.0.1
1197 verbose rebuild bundle /home/osboxes/ashish/nodetest1/node_modules/window-size
1198 info build /home/osboxes/ashish/nodetest1/node_modules/window-size
1199 info preinstall window-size@0.1.0
1200 info linkStuff window-size@0.1.0
1201 silly linkStuff window-size@0.1.0 has /home/osboxes/ashish/nodetest1/node_modules as its parent node_modules
1202 verbose linkBins window-size@0.1.0
1203 verbose linkMans window-size@0.1.0
1204 verbose rebuildBundles window-size@0.1.0
1205 info install window-size@0.1.0
1206 info postinstall window-size@0.1.0
1207 verbose rebuild bundle /home/osboxes/ashish/nodetest1/node_modules/with
1208 info build /home/osboxes/ashish/nodetest1/node_modules/with
1209 info preinstall with@4.0.3
1210 info linkStuff with@4.0.3
1211 silly linkStuff with@4.0.3 has /home/osboxes/ashish/nodetest1/node_modules as its parent node_modules
1212 verbose linkBins with@4.0.3
1213 verbose linkMans with@4.0.3
1214 verbose rebuildBundles with@4.0.3
1215 verbose rebuildBundles [ '.bin', 'acorn' ]
1216 info install with@4.0.3
1217 info postinstall with@4.0.3
1218 verbose rebuild bundle /home/osboxes/ashish/nodetest1/node_modules/wordwrap
1219 info build /home/osboxes/ashish/nodetest1/node_modules/wordwrap
1220 info preinstall wordwrap@0.0.3
1221 info linkStuff wordwrap@0.0.3
1222 silly linkStuff wordwrap@0.0.3 has /home/osboxes/ashish/nodetest1/node_modules as its parent node_modules
1223 verbose linkBins wordwrap@0.0.3
1224 verbose linkMans wordwrap@0.0.3
1225 verbose rebuildBundles wordwrap@0.0.3
1226 info install wordwrap@0.0.3
1227 info postinstall wordwrap@0.0.3
1228 verbose rebuild bundle /home/osboxes/ashish/nodetest1/node_modules/yargs
1229 info build /home/osboxes/ashish/nodetest1/node_modules/yargs
1230 info preinstall yargs@3.10.0
1231 info linkStuff yargs@3.10.0
1232 silly linkStuff yargs@3.10.0 has /home/osboxes/ashish/nodetest1/node_modules as its parent node_modules
1233 verbose linkBins yargs@3.10.0
1234 verbose linkMans yargs@3.10.0
1235 verbose rebuildBundles yargs@3.10.0
1236 info install yargs@3.10.0
1237 info postinstall yargs@3.10.0
1238 info install application-name@0.0.1
1239 info postinstall application-name@0.0.1
1240 info prepublish application-name@0.0.1
1241 verbose validateInstall loading /home/osboxes/ashish/nodetest1/package.json for validation
1242 verbose stack Error: The package mongodb@2.0.49 does not satisfy its siblings' peerDependencies requirements!
1242 verbose stack     at /usr/local/lib/node_modules/npm/lib/install.js:125:32
1242 verbose stack     at /usr/local/lib/node_modules/npm/lib/install.js:268:7
1242 verbose stack     at /usr/local/lib/node_modules/npm/node_modules/read-installed/read-installed.js:142:5
1242 verbose stack     at /usr/local/lib/node_modules/npm/node_modules/read-installed/read-installed.js:263:14
1242 verbose stack     at cb (/usr/local/lib/node_modules/npm/node_modules/slide/lib/async-map.js:47:24)
1242 verbose stack     at /usr/local/lib/node_modules/npm/node_modules/read-installed/read-installed.js:263:14
1242 verbose stack     at cb (/usr/local/lib/node_modules/npm/node_modules/slide/lib/async-map.js:47:24)
1242 verbose stack     at /usr/local/lib/node_modules/npm/node_modules/read-installed/read-installed.js:263:14
1242 verbose stack     at cb (/usr/local/lib/node_modules/npm/node_modules/slide/lib/async-map.js:47:24)
1242 verbose stack     at /usr/local/lib/node_modules/npm/node_modules/read-installed/read-installed.js:263:14
1243 verbose cwd /home/osboxes/ashish/nodetest1
1244 error Linux 4.2.0-18-generic
1245 error argv "/usr/local/bin/node" "/usr/local/bin/npm" "install"
1246 error node v4.2.2
1247 error npm  v2.14.7
1248 error code EPEERINVALID
1249 error peerinvalid The package mongodb@2.0.49 does not satisfy its siblings' peerDependencies requirements!
1249 error peerinvalid Peer mongoskin@1.4.13 wants mongodb@~1.4
1250 verbose exit [ 1, true ]
